<?xml version="1.0" encoding="UTF-8" ?>
<testsuite tests="4" failures="0" name="resource.CategoryTest" time="1.63" errors="0" skipped="0">
  <properties>
[...]
</properties>
  <testcase classname="resource.CategoryTest" name="testGetCategories" time="1.502"/>
  <testcase classname="resource.CategoryTest" name="testPostCategoryMessageError" time="0.078"/>
  <testcase classname="resource.CategoryTest" name="testPostCategoryMessageErrorBylength" time="0.027"/>
  <testcase classname="resource.CategoryTest" name="testPostCategory" time="0.023"/>
</testsuite>